Using pre-set license
Built from '2021.3/staging' branch; Version is '2021.3.20f1 (577897200b8b) revision 5732503'; Using compiler version '192829333'; Build Type 'Release'
OS: 'Windows 10  (10.0.19044) 64bit Professional' Language: 'ru' Physical Memory: 16305 MB
BatchMode: 1, IsHumanControllingUs: 0, StartBugReporterOnCrash: 0, Is64bit: 1, IsPro: 1

COMMAND LINE ARGUMENTS:
C:\Program Files\Unity\Hub\Editor\2021.3.20f1-x86_64\Editor\Unity.exe
-adb2
-batchMode
-noUpm
-name
AssetImportWorker0
-projectPath
C:/Users/Papa and Mama/Documents/repos/PC2D/Unity-2D-Platformer
-logFile
Logs/AssetImportWorker0.log
-srvPort
52208
Successfully changed project path to: C:/Users/Papa and Mama/Documents/repos/PC2D/Unity-2D-Platformer
C:/Users/Papa and Mama/Documents/repos/PC2D/Unity-2D-Platformer
[UnityMemory] Configuration Parameters - Can be set up in boot.config
    "memorysetup-bucket-allocator-granularity=16"
    "memorysetup-bucket-allocator-bucket-count=8"
    "memorysetup-bucket-allocator-block-size=33554432"
    "memorysetup-bucket-allocator-block-count=8"
    "memorysetup-main-allocator-block-size=16777216"
    "memorysetup-thread-allocator-block-size=16777216"
    "memorysetup-gfx-main-allocator-block-size=16777216"
    "memorysetup-gfx-thread-allocator-block-size=16777216"
    "memorysetup-cache-allocator-block-size=4194304"
    "memorysetup-typetree-allocator-block-size=2097152"
    "memorysetup-profiler-bucket-allocator-granularity=16"
    "memorysetup-profiler-bucket-allocator-bucket-count=8"
    "memorysetup-profiler-bucket-allocator-block-size=33554432"
    "memorysetup-profiler-bucket-allocator-block-count=8"
    "memorysetup-profiler-allocator-block-size=16777216"
    "memorysetup-profiler-editor-allocator-block-size=1048576"
    "memorysetup-temp-allocator-size-main=16777216"
    "memorysetup-job-temp-allocator-block-size=2097152"
    "memorysetup-job-temp-allocator-block-size-background=1048576"
    "memorysetup-job-temp-allocator-reduction-small-platforms=262144"
    "memorysetup-temp-allocator-size-background-worker=32768"
    "memorysetup-temp-allocator-size-job-worker=262144"
    "memorysetup-temp-allocator-size-preload-manager=33554432"
    "memorysetup-temp-allocator-size-nav-mesh-worker=65536"
    "memorysetup-temp-allocator-size-audio-worker=65536"
    "memorysetup-temp-allocator-size-cloud-worker=32768"
    "memorysetup-temp-allocator-size-gi-baking-worker=262144"
    "memorysetup-temp-allocator-size-gfx=262144"
Player connection [12136] Host "[IP] 192.168.1.53 [Port] 0 [Flags] 2 [Guid] 3189119380 [EditorId] 3189119380 [Version] 1048832 [Id] WindowsEditor(7,DESKTOP-NJT2BJE) [Debug] 1 [PackageName] WindowsEditor [ProjectName] Editor" joined multi-casting on [225.0.0.222:54997]...

Player connection [12136] Host "[IP] 192.168.1.53 [Port] 0 [Flags] 2 [Guid] 3189119380 [EditorId] 3189119380 [Version] 1048832 [Id] WindowsEditor(7,DESKTOP-NJT2BJE) [Debug] 1 [PackageName] WindowsEditor [ProjectName] Editor" joined alternative multi-casting on [225.0.0.222:34997]...

Refreshing native plugins compatible for Editor in 98.78 ms, found 4 plugins.
Preloading 0 native plugins for Editor in 0.00 ms.
Initialize engine version: 2021.3.20f1 (577897200b8b)
[Subsystems] Discovering subsystems at path C:/Program Files/Unity/Hub/Editor/2021.3.20f1-x86_64/Editor/Data/Resources/UnitySubsystems
[Subsystems] Discovering subsystems at path C:/Users/Papa and Mama/Documents/repos/PC2D/Unity-2D-Platformer/Assets
GfxDevice: creating device client; threaded=0; jobified=0
Direct3D:
    Version:  Direct3D 11.0 [level 11.1]
    Renderer: NVIDIA GeForce GTX 1050 Ti (ID=0x1c82)
    Vendor:   NVIDIA
    VRAM:     4017 MB
    Driver:   31.0.15.3161
Initialize mono
Mono path[0] = 'C:/Program Files/Unity/Hub/Editor/2021.3.20f1-x86_64/Editor/Data/Managed'
Mono path[1] = 'C:/Program Files/Unity/Hub/Editor/2021.3.20f1-x86_64/Editor/Data/MonoBleedingEdge/lib/mono/unityjit-win32'
Mono config path = 'C:/Program Files/Unity/Hub/Editor/2021.3.20f1-x86_64/Editor/Data/MonoBleedingEdge/etc'
Using monoOptions --debugger-agent=transport=dt_socket,embedding=1,server=y,suspend=n,address=127.0.0.1:56148
Begin MonoManager ReloadAssembly
Registering precompiled unity dll's ...
Register platform support module: C:/Program Files/Unity/Hub/Editor/2021.3.20f1-x86_64/Editor/Data/PlaybackEngines/AndroidPlayer/UnityEditor.Android.Extensions.dll
Register platform support module: C:/Program Files/Unity/Hub/Editor/2021.3.20f1-x86_64/Editor/Data/PlaybackEngines/WindowsStandaloneSupport/UnityEditor.WindowsStandalone.Extensions.dll
Registered in 0.008178 seconds.
Native extension for WindowsStandalone target not found
Native extension for Android target not found
Android Extension - Scanning For ADB Devices 279 ms
Refreshing native plugins compatible for Editor in 100.58 ms, found 4 plugins.
Preloading 0 native plugins for Editor in 0.00 ms.
Mono: successfully reloaded assembly
- Completed reload, in  0.995 seconds
Domain Reload Profiling:
	ReloadAssembly (996ms)
		BeginReloadAssembly (86ms)
			ExecutionOrderSort (0ms)
			DisableScriptedObjects (0ms)
			BackupInstance (0ms)
			ReleaseScriptingObjects (0ms)
			CreateAndSetChildDomain (1ms)
		EndReloadAssembly (806ms)
			LoadAssemblies (85ms)
			RebuildTransferFunctionScriptingTraits (0ms)
			SetupTypeCache (110ms)
			ReleaseScriptCaches (0ms)
			RebuildScriptCaches (39ms)
			SetupLoadedEditorAssemblies (600ms)
				LogAssemblyErrors (0ms)
				InitializePlatformSupportModulesInManaged (353ms)
				SetLoadedEditorAssemblies (0ms)
				RefreshPlugins (101ms)
				BeforeProcessingInitializeOnLoad (2ms)
				ProcessInitializeOnLoadAttributes (99ms)
				ProcessInitializeOnLoadMethodAttributes (46ms)
				AfterProcessingInitializeOnLoad (0ms)
				EditorAssembliesLoaded (0ms)
			ExecutionOrderSort2 (0ms)
			AwakeInstancesAfterBackupRestoration (0ms)
Platform modules already initialized, skipping
Registering precompiled user dll's ...
Registered in 0.008237 seconds.
Begin MonoManager ReloadAssembly
Symbol file LoadedFromMemory doesn't match image C:\Users\Papa and Mama\Documents\repos\PC2D\Unity-2D-Platformer\Library\PackageCache\com.unity.visualscripting@1.8.0\Editor\VisualScripting.Core\Dependencies\YamlDotNet\Unity.VisualScripting.YamlDotNet.dll
Symbol file LoadedFromMemory doesn't match image C:\Users\Papa and Mama\Documents\repos\PC2D\Unity-2D-Platformer\Library\PackageCache\com.unity.visualscripting@1.8.0\Editor\VisualScripting.Core\Dependencies\DotNetZip\Unity.VisualScripting.IonicZip.dll
Native extension for WindowsStandalone target not found
Native extension for Android target not found
Refreshing native plugins compatible for Editor in 92.33 ms, found 4 plugins.
Preloading 0 native plugins for Editor in 0.00 ms.
Mono: successfully reloaded assembly
- Completed reload, in  1.149 seconds
Domain Reload Profiling:
	ReloadAssembly (1150ms)
		BeginReloadAssembly (124ms)
			ExecutionOrderSort (0ms)
			DisableScriptedObjects (8ms)
			BackupInstance (0ms)
			ReleaseScriptingObjects (0ms)
			CreateAndSetChildDomain (20ms)
		EndReloadAssembly (915ms)
			LoadAssemblies (94ms)
			RebuildTransferFunctionScriptingTraits (0ms)
			SetupTypeCache (242ms)
			ReleaseScriptCaches (1ms)
			RebuildScriptCaches (56ms)
			SetupLoadedEditorAssemblies (484ms)
				LogAssemblyErrors (0ms)
				InitializePlatformSupportModulesInManaged (17ms)
				SetLoadedEditorAssemblies (0ms)
				RefreshPlugins (92ms)
				BeforeProcessingInitializeOnLoad (100ms)
				ProcessInitializeOnLoadAttributes (226ms)
				ProcessInitializeOnLoadMethodAttributes (40ms)
				AfterProcessingInitializeOnLoad (8ms)
				EditorAssembliesLoaded (0ms)
			ExecutionOrderSort2 (0ms)
			AwakeInstancesAfterBackupRestoration (7ms)
Platform modules already initialized, skipping
========================================================================
Worker process is ready to serve import requests
Launched and connected shader compiler UnityShaderCompiler.exe after 0.05 seconds
Refreshing native plugins compatible for Editor in 0.70 ms, found 4 plugins.
Preloading 0 native plugins for Editor in 0.00 ms.
Unloading 3794 Unused Serialized files (Serialized files now loaded: 0)
Unloading 34 unused Assets / (30.2 KB). Loaded Objects now: 4262.
Memory consumption went from 146.8 MB to 146.8 MB.
Total: 3.090100 ms (FindLiveObjects: 0.280700 ms CreateObjectMapping: 0.282900 ms MarkObjects: 2.495300 ms  DeleteObjects: 0.030200 ms)

AssetImportParameters requested are different than current active one (requested -> active):
  custom:video-decoder-ogg-theora: a1e56fd34408186e4bbccfd4996cb3dc -> 
  custom:container-muxer-webm: aa71ff27fc2769a1b78a27578f13a17b -> 
  custom:container-demuxer-webm: 4f35f7cbe854078d1ac9338744f61a02 -> 
  custom:video-encoder-webm-vp8: eb34c28f22e8b96e1ab97ce403110664 -> 
  custom:audio-encoder-webm-vorbis: bf7c407c2cedff20999df2af8eb42d56 -> 
  custom:framework-win-MediaFoundation: 216162199b28c13a410421893ffa2e32 -> 
  custom:container-demuxer-ogg: 62fdf1f143b41e24485cea50d1cbac27 -> 
  custom:video-decoder-webm-vp8: 9c59270c3fd7afecdb556c50c9e8de78 -> 
  custom:audio-decoder-ogg-vorbis: bf7c407c2cedff20999df2af8eb42d56 -> 
========================================================================
Received Import Request.
  Time since last request: 44846.062065 seconds.
  path: Assets/PC2D/Scripts/pause_menu.cs
  artifactKey: Guid(47afd8aabb846cc4ba66305e3ac9cc48) Importer(815301076,1909f56bfc062723c751e8b465ee728b)
Start importing Assets/PC2D/Scripts/pause_menu.cs using Guid(47afd8aabb846cc4ba66305e3ac9cc48) Importer(815301076,1909f56bfc062723c751e8b465ee728b)  -> (artifact id: '09c64471434e02d175d0e55be05a9ac3') in 0.040926 seconds 
========================================================================
Received Import Request.
  Time since last request: 0.548977 seconds.
  path: Assets/PC2D/Scripts/PlatformerMotor2D.cs
  artifactKey: Guid(0d522286c13b9ff41b33ba3ff16074d5) Importer(815301076,1909f56bfc062723c751e8b465ee728b)
Start importing Assets/PC2D/Scripts/PlatformerMotor2D.cs using Guid(0d522286c13b9ff41b33ba3ff16074d5) Importer(815301076,1909f56bfc062723c751e8b465ee728b)  -> (artifact id: '4e63c666d2386f50a6329e6e7f45c095') in 0.009947 seconds 
========================================================================
Received Import Request.
  Time since last request: 464.822417 seconds.
  path: Assets/PC2D/Scenes/Menu.unity
  artifactKey: Guid(c115bf019e571874495bb5829646a35a) Importer(815301076,1909f56bfc062723c751e8b465ee728b)
Start importing Assets/PC2D/Scenes/Menu.unity using Guid(c115bf019e571874495bb5829646a35a) Importer(815301076,1909f56bfc062723c751e8b465ee728b)  -> (artifact id: '84c609b80f6e7118eebde5c9b456935b') in 0.008191 seconds 
========================================================================
Received Import Request.
  Time since last request: 36.882758 seconds.
  path: Assets/TextMesh Pro/Resources/Fonts & Materials/LiberationSans SDF - Fallback.asset
  artifactKey: Guid(2e498d1c8094910479dc3e1b768306a4) Importer(815301076,1909f56bfc062723c751e8b465ee728b)
Start importing Assets/TextMesh Pro/Resources/Fonts & Materials/LiberationSans SDF - Fallback.asset using Guid(2e498d1c8094910479dc3e1b768306a4) Importer(815301076,1909f56bfc062723c751e8b465ee728b)  -> (artifact id: '3c0f793aa3b09d4ca204e7ae53455d91') in 0.199035 seconds 
========================================================================
Received Import Request.
  Time since last request: 0.851678 seconds.
  path: Assets/TextMesh Pro/Examples & Extras/Resources/Fonts & Materials/Bangers SDF.asset
  artifactKey: Guid(125cb55b44b24c4393181402bc6200e6) Importer(815301076,1909f56bfc062723c751e8b465ee728b)
Start importing Assets/TextMesh Pro/Examples & Extras/Resources/Fonts & Materials/Bangers SDF.asset using Guid(125cb55b44b24c4393181402bc6200e6) Importer(815301076,1909f56bfc062723c751e8b465ee728b)  -> (artifact id: '1529a99fd5c8ab5757bdbf6960de8323') in 0.042127 seconds 
========================================================================
Received Import Request.
  Time since last request: 0.000019 seconds.
  path: Assets/TextMesh Pro/Examples & Extras/Resources/Fonts & Materials/Electronic Highway Sign SDF.asset
  artifactKey: Guid(dc36b3fdc14f47ebb36fd484a67e268a) Importer(815301076,1909f56bfc062723c751e8b465ee728b)
Start importing Assets/TextMesh Pro/Examples & Extras/Resources/Fonts & Materials/Electronic Highway Sign SDF.asset using Guid(dc36b3fdc14f47ebb36fd484a67e268a) Importer(815301076,1909f56bfc062723c751e8b465ee728b)  -> (artifact id: 'ca43b4cd4c1ce3c06708a1ebdbbc7846') in 0.052038 seconds 
========================================================================
Received Import Request.
  Time since last request: 0.000020 seconds.
  path: Assets/TextMesh Pro/Examples & Extras/Resources/Fonts & Materials/Roboto-Bold SDF.asset
  artifactKey: Guid(5302535af1044152a457ed104f1f4b91) Importer(815301076,1909f56bfc062723c751e8b465ee728b)
Start importing Assets/TextMesh Pro/Examples & Extras/Resources/Fonts & Materials/Roboto-Bold SDF.asset using Guid(5302535af1044152a457ed104f1f4b91) Importer(815301076,1909f56bfc062723c751e8b465ee728b)  -> (artifact id: 'abc7058049379ee4b8ee42f16becfff7') in 0.050301 seconds 
========================================================================
Received Import Request.
  Time since last request: 0.000019 seconds.
  path: Assets/TextMesh Pro/Examples & Extras/Resources/Fonts & Materials/Oswald Bold SDF.asset
  artifactKey: Guid(0161d805a3764c089bef00bfe00793f5) Importer(815301076,1909f56bfc062723c751e8b465ee728b)
Start importing Assets/TextMesh Pro/Examples & Extras/Resources/Fonts & Materials/Oswald Bold SDF.asset using Guid(0161d805a3764c089bef00bfe00793f5) Importer(815301076,1909f56bfc062723c751e8b465ee728b)  -> (artifact id: 'decfb84fb9588a7a65266fa7c4726333') in 0.050934 seconds 
========================================================================
Received Import Request.
  Time since last request: 1.587694 seconds.
  path: Assets/TextMesh Pro/Examples & Extras/Resources/Fonts & Materials/Anton SDF.asset
  artifactKey: Guid(8a89fa14b10d46a99122fd4f73fca9a2) Importer(815301076,1909f56bfc062723c751e8b465ee728b)
Start importing Assets/TextMesh Pro/Examples & Extras/Resources/Fonts & Materials/Anton SDF.asset using Guid(8a89fa14b10d46a99122fd4f73fca9a2) Importer(815301076,1909f56bfc062723c751e8b465ee728b)  -> (artifact id: '9088d95a1ca769ca007e573f05891c25') in 0.061726 seconds 
========================================================================
Received Import Request.
  Time since last request: 64.954747 seconds.
  path: Assets/PC2D/Sprites/Tiles/1241576_0.asset
  artifactKey: Guid(12fec23c92fced045aa77d4b13319aab) Importer(815301076,1909f56bfc062723c751e8b465ee728b)
Start importing Assets/PC2D/Sprites/Tiles/1241576_0.asset using Guid(12fec23c92fced045aa77d4b13319aab) Importer(815301076,1909f56bfc062723c751e8b465ee728b)  -> (artifact id: '5f97bc5eac24856290ef22ee2733625e') in 0.028251 seconds 
========================================================================
Received Import Request.
  Time since last request: 0.000017 seconds.
  path: Assets/PC2D/Sprites/Tiles/four-seasons-tileset_35.asset
  artifactKey: Guid(4e9d31d27b57e3f458ed22cbbbf6f7a6) Importer(815301076,1909f56bfc062723c751e8b465ee728b)
Start importing Assets/PC2D/Sprites/Tiles/four-seasons-tileset_35.asset using Guid(4e9d31d27b57e3f458ed22cbbbf6f7a6) Importer(815301076,1909f56bfc062723c751e8b465ee728b)  -> (artifact id: 'e505f6e346b2478b7aac1793c6f94843') in 0.021170 seconds 
========================================================================
Received Import Request.
  Time since last request: 0.000020 seconds.
  path: Assets/PC2D/Sprites/Tiles/four-seasons-tileset_37.asset
  artifactKey: Guid(46bbde20dd72390469a5d1a1ad8c7bd9) Importer(815301076,1909f56bfc062723c751e8b465ee728b)
Start importing Assets/PC2D/Sprites/Tiles/four-seasons-tileset_37.asset using Guid(46bbde20dd72390469a5d1a1ad8c7bd9) Importer(815301076,1909f56bfc062723c751e8b465ee728b)  -> (artifact id: 'fc7a2ecc90cfe97d7b7234d74dff6cba') in 0.015014 seconds 
========================================================================
Received Import Request.
  Time since last request: 0.000018 seconds.
  path: Assets/PC2D/Sprites/Tiles/four-seasons-tileset_44.asset
  artifactKey: Guid(371779954e733cb428cad8d7a03f943e) Importer(815301076,1909f56bfc062723c751e8b465ee728b)
Start importing Assets/PC2D/Sprites/Tiles/four-seasons-tileset_44.asset using Guid(371779954e733cb428cad8d7a03f943e) Importer(815301076,1909f56bfc062723c751e8b465ee728b)  -> (artifact id: '381cca5d647517f02e5e296b6031baff') in 0.016158 seconds 
========================================================================
Received Import Request.
  Time since last request: 0.000020 seconds.
  path: Assets/PC2D/Sprites/Tiles/four-seasons-tileset_48.asset
  artifactKey: Guid(fc926563922f3a9418085b5305805111) Importer(815301076,1909f56bfc062723c751e8b465ee728b)
Start importing Assets/PC2D/Sprites/Tiles/four-seasons-tileset_48.asset using Guid(fc926563922f3a9418085b5305805111) Importer(815301076,1909f56bfc062723c751e8b465ee728b)  -> (artifact id: '7a7445d2a25f28adf10f7943a3a11ebd') in 0.017976 seconds 
========================================================================
Received Import Request.
  Time since last request: 0.000018 seconds.
  path: Assets/PC2D/Sprites/Tiles/four-seasons-tileset_20.asset
  artifactKey: Guid(85b3e8b273ba7fd4faf3816f7642cd10) Importer(815301076,1909f56bfc062723c751e8b465ee728b)
Start importing Assets/PC2D/Sprites/Tiles/four-seasons-tileset_20.asset using Guid(85b3e8b273ba7fd4faf3816f7642cd10) Importer(815301076,1909f56bfc062723c751e8b465ee728b)  -> (artifact id: 'ef3c6022432c496497ea3dbfa290b468') in 0.018679 seconds 
========================================================================
Received Import Request.
  Time since last request: 0.000022 seconds.
  path: Assets/PC2D/Sprites/Tiles/four-seasons-tileset_17.asset
  artifactKey: Guid(55880b276843127478a2f1867a4347da) Importer(815301076,1909f56bfc062723c751e8b465ee728b)
Start importing Assets/PC2D/Sprites/Tiles/four-seasons-tileset_17.asset using Guid(55880b276843127478a2f1867a4347da) Importer(815301076,1909f56bfc062723c751e8b465ee728b)  -> (artifact id: '95991b43802521999bc2ad3b09c551a7') in 0.016352 seconds 
========================================================================
Received Import Request.
  Time since last request: 0.000035 seconds.
  path: Assets/PC2D/Sprites/Tiles/four-seasons-tileset_21.asset
  artifactKey: Guid(3e6d8dfe803fbd045b44a03a0b899588) Importer(815301076,1909f56bfc062723c751e8b465ee728b)
Start importing Assets/PC2D/Sprites/Tiles/four-seasons-tileset_21.asset using Guid(3e6d8dfe803fbd045b44a03a0b899588) Importer(815301076,1909f56bfc062723c751e8b465ee728b)  -> (artifact id: '57597c989cba25f9e5a80c86cdade54c') in 0.014977 seconds 
========================================================================
Received Import Request.
  Time since last request: 0.000204 seconds.
  path: Assets/PC2D/Sprites/Tiles/four-seasons-tileset_50.asset
  artifactKey: Guid(6b583e37ab12b4849af4799aa7095317) Importer(815301076,1909f56bfc062723c751e8b465ee728b)
Start importing Assets/PC2D/Sprites/Tiles/four-seasons-tileset_50.asset using Guid(6b583e37ab12b4849af4799aa7095317) Importer(815301076,1909f56bfc062723c751e8b465ee728b)  -> (artifact id: '702746c658c9ac8941d525c7c7efffba') in 0.016671 seconds 
========================================================================
Received Import Request.
  Time since last request: 0.000024 seconds.
  path: Assets/PC2D/Sprites/Tiles/four-seasons-tileset_34.asset
  artifactKey: Guid(bbdfebf817369cf4290ac810efa013d7) Importer(815301076,1909f56bfc062723c751e8b465ee728b)
Start importing Assets/PC2D/Sprites/Tiles/four-seasons-tileset_34.asset using Guid(bbdfebf817369cf4290ac810efa013d7) Importer(815301076,1909f56bfc062723c751e8b465ee728b)  -> (artifact id: '38e78d4a029bd93b2da1d2696140f15d') in 0.016696 seconds 
========================================================================
Received Import Request.
  Time since last request: 0.000018 seconds.
  path: Assets/PC2D/Sprites/Tiles/four-seasons-tileset_5.asset
  artifactKey: Guid(b58a927884b1c7e4784de47d1491ee1a) Importer(815301076,1909f56bfc062723c751e8b465ee728b)
Start importing Assets/PC2D/Sprites/Tiles/four-seasons-tileset_5.asset using Guid(b58a927884b1c7e4784de47d1491ee1a) Importer(815301076,1909f56bfc062723c751e8b465ee728b)  -> (artifact id: '5e1f7157df4a34842c0cf7a4eb4a73ff') in 0.017280 seconds 
========================================================================
Received Import Request.
  Time since last request: 0.000018 seconds.
  path: Assets/PC2D/Sprites/Tiles/four-seasons-tileset_30.asset
  artifactKey: Guid(e0a148e38bc60c8458915f4033755c13) Importer(815301076,1909f56bfc062723c751e8b465ee728b)
Start importing Assets/PC2D/Sprites/Tiles/four-seasons-tileset_30.asset using Guid(e0a148e38bc60c8458915f4033755c13) Importer(815301076,1909f56bfc062723c751e8b465ee728b)  -> (artifact id: '086358dd49bb398f87753398e9481b5c') in 0.014664 seconds 
========================================================================
Received Import Request.
  Time since last request: 0.000124 seconds.
  path: Assets/PC2D/Sprites/Tiles/four-seasons-tileset_41.asset
  artifactKey: Guid(602b79a072488eb4984218d7452386fd) Importer(815301076,1909f56bfc062723c751e8b465ee728b)
Start importing Assets/PC2D/Sprites/Tiles/four-seasons-tileset_41.asset using Guid(602b79a072488eb4984218d7452386fd) Importer(815301076,1909f56bfc062723c751e8b465ee728b)  -> (artifact id: 'af01e43570699cd32685c453a2bac87c') in 0.016067 seconds 
========================================================================
Received Import Request.
  Time since last request: 0.000018 seconds.
  path: Assets/PC2D/Sprites/Tiles/four-seasons-tileset_58.asset
  artifactKey: Guid(6c161cf00a6dc4540bc4a769b377b8a9) Importer(815301076,1909f56bfc062723c751e8b465ee728b)
Start importing Assets/PC2D/Sprites/Tiles/four-seasons-tileset_58.asset using Guid(6c161cf00a6dc4540bc4a769b377b8a9) Importer(815301076,1909f56bfc062723c751e8b465ee728b)  -> (artifact id: 'f138c887fcc071f19b9eba9e1e56a9e1') in 0.017110 seconds 
========================================================================
Received Import Request.
  Time since last request: 0.000019 seconds.
  path: Assets/PC2D/Sprites/Tiles/four-seasons-tileset_32.asset
  artifactKey: Guid(03786110914f2114d8af72f1a1975b84) Importer(815301076,1909f56bfc062723c751e8b465ee728b)
Start importing Assets/PC2D/Sprites/Tiles/four-seasons-tileset_32.asset using Guid(03786110914f2114d8af72f1a1975b84) Importer(815301076,1909f56bfc062723c751e8b465ee728b)  -> (artifact id: '388ccbea70772f6e818b2ffe977810f8') in 0.018295 seconds 
========================================================================
Received Import Request.
  Time since last request: 0.000018 seconds.
  path: Assets/PC2D/Sprites/Tiles/four-seasons-tileset_27.asset
  artifactKey: Guid(f6aaf2011ba9ed241add79a33c8864a5) Importer(815301076,1909f56bfc062723c751e8b465ee728b)
Start importing Assets/PC2D/Sprites/Tiles/four-seasons-tileset_27.asset using Guid(f6aaf2011ba9ed241add79a33c8864a5) Importer(815301076,1909f56bfc062723c751e8b465ee728b)  -> (artifact id: 'add61a16843cd191322ab8c906592a02') in 0.015431 seconds 
========================================================================
Received Import Request.
  Time since last request: 0.000018 seconds.
  path: Assets/PC2D/Sprites/Tiles/four-seasons-tileset_19.asset
  artifactKey: Guid(07f128753f08a394aa298ee9378a7a2c) Importer(815301076,1909f56bfc062723c751e8b465ee728b)
Start importing Assets/PC2D/Sprites/Tiles/four-seasons-tileset_19.asset using Guid(07f128753f08a394aa298ee9378a7a2c) Importer(815301076,1909f56bfc062723c751e8b465ee728b)  -> (artifact id: '837ef1f8399143cae6f6cf81efb59610') in 0.014569 seconds 
========================================================================
Received Import Request.
  Time since last request: 0.000028 seconds.
  path: Assets/PC2D/Sprites/Tiles/four-seasons-tileset_36.asset
  artifactKey: Guid(ce4438e5b2079194c9fd51b5f56c56f9) Importer(815301076,1909f56bfc062723c751e8b465ee728b)
Start importing Assets/PC2D/Sprites/Tiles/four-seasons-tileset_36.asset using Guid(ce4438e5b2079194c9fd51b5f56c56f9) Importer(815301076,1909f56bfc062723c751e8b465ee728b)  -> (artifact id: 'a67aa8ccbbc742f1fb38b4ad8945389b') in 0.015643 seconds 
========================================================================
Received Import Request.
  Time since last request: 0.000039 seconds.
  path: Assets/PC2D/Sprites/Tiles/four-seasons-tileset_18.asset
  artifactKey: Guid(d5e7de87e1cb29a45aaa753b65980da4) Importer(815301076,1909f56bfc062723c751e8b465ee728b)
Start importing Assets/PC2D/Sprites/Tiles/four-seasons-tileset_18.asset using Guid(d5e7de87e1cb29a45aaa753b65980da4) Importer(815301076,1909f56bfc062723c751e8b465ee728b)  -> (artifact id: '5f8c67ed4a5d985ff287dedac0239d15') in 0.014555 seconds 
========================================================================
Received Import Request.
  Time since last request: 0.000021 seconds.
  path: Assets/PC2D/Sprites/Tiles/four-seasons-tileset_25.asset
  artifactKey: Guid(fabec9912c45a8a41b7641369640d46c) Importer(815301076,1909f56bfc062723c751e8b465ee728b)
Start importing Assets/PC2D/Sprites/Tiles/four-seasons-tileset_25.asset using Guid(fabec9912c45a8a41b7641369640d46c) Importer(815301076,1909f56bfc062723c751e8b465ee728b)  -> (artifact id: '81b24534ef41502e8c4cd52034cd95bd') in 0.013593 seconds 
========================================================================
Received Import Request.
  Time since last request: 0.000022 seconds.
  path: Assets/PC2D/Sprites/Tiles/four-seasons-tileset_47.asset
  artifactKey: Guid(971abbc650252aa4293e2899410aa1df) Importer(815301076,1909f56bfc062723c751e8b465ee728b)
Start importing Assets/PC2D/Sprites/Tiles/four-seasons-tileset_47.asset using Guid(971abbc650252aa4293e2899410aa1df) Importer(815301076,1909f56bfc062723c751e8b465ee728b)  -> (artifact id: '3360a91afa1962226629f3272520e26f') in 0.014354 seconds 
========================================================================
Received Import Request.
  Time since last request: 0.000022 seconds.
  path: Assets/PC2D/Sprites/Tiles/1241576_1.asset
  artifactKey: Guid(74b666a8b2ce59245b7076840491b901) Importer(815301076,1909f56bfc062723c751e8b465ee728b)
Start importing Assets/PC2D/Sprites/Tiles/1241576_1.asset using Guid(74b666a8b2ce59245b7076840491b901) Importer(815301076,1909f56bfc062723c751e8b465ee728b)  -> (artifact id: 'ebe7efefdf30301ab2de45c0156f97e4') in 0.016565 seconds 
========================================================================
Received Import Request.
  Time since last request: 0.000020 seconds.
  path: Assets/PC2D/Sprites/Tiles/four-seasons-tileset_56.asset
  artifactKey: Guid(27dbce79ef1074244a08e5792fd9818b) Importer(815301076,1909f56bfc062723c751e8b465ee728b)
Start importing Assets/PC2D/Sprites/Tiles/four-seasons-tileset_56.asset using Guid(27dbce79ef1074244a08e5792fd9818b) Importer(815301076,1909f56bfc062723c751e8b465ee728b)  -> (artifact id: 'f7d39bcb6a1a7e87b818a05433922f81') in 0.015407 seconds 
========================================================================
Received Import Request.
  Time since last request: 0.000025 seconds.
  path: Assets/PC2D/Sprites/Tiles/four-seasons-tileset_28.asset
  artifactKey: Guid(e67916611b6f8a54e93dfae8a3712406) Importer(815301076,1909f56bfc062723c751e8b465ee728b)
Start importing Assets/PC2D/Sprites/Tiles/four-seasons-tileset_28.asset using Guid(e67916611b6f8a54e93dfae8a3712406) Importer(815301076,1909f56bfc062723c751e8b465ee728b)  -> (artifact id: 'f12f058634b7a3bc21f19a00ef01db2a') in 0.018001 seconds 
========================================================================
Received Import Request.
  Time since last request: 0.000020 seconds.
  path: Assets/PC2D/Sprites/Tiles/four-seasons-tileset_55.asset
  artifactKey: Guid(db42a2d3f10bbe14a9c0be835cdca1e4) Importer(815301076,1909f56bfc062723c751e8b465ee728b)
Start importing Assets/PC2D/Sprites/Tiles/four-seasons-tileset_55.asset using Guid(db42a2d3f10bbe14a9c0be835cdca1e4) Importer(815301076,1909f56bfc062723c751e8b465ee728b)  -> (artifact id: 'af6462ffc2b4e737dffcfe535f208cd8') in 0.014261 seconds 
========================================================================
Received Import Request.
  Time since last request: 0.000018 seconds.
  path: Assets/PC2D/Sprites/Tiles/four-seasons-tileset_16.asset
  artifactKey: Guid(6098ec57f06e2064ebb02e4cd56124e0) Importer(815301076,1909f56bfc062723c751e8b465ee728b)
Start importing Assets/PC2D/Sprites/Tiles/four-seasons-tileset_16.asset using Guid(6098ec57f06e2064ebb02e4cd56124e0) Importer(815301076,1909f56bfc062723c751e8b465ee728b)  -> (artifact id: '65117eb6e48fa3f260a73c03fb702080') in 0.015125 seconds 
========================================================================
Received Import Request.
  Time since last request: 919.011143 seconds.
  path: Assets/PC2D/Sprites/20.png
  artifactKey: Guid(1a37be62bc99a1a4080c771a4245fa1e) Importer(815301076,1909f56bfc062723c751e8b465ee728b)
Start importing Assets/PC2D/Sprites/20.png using Guid(1a37be62bc99a1a4080c771a4245fa1e) Importer(815301076,1909f56bfc062723c751e8b465ee728b)  -> (artifact id: '8a8967d523d21b902e0de62f0153b8ae') in 0.172731 seconds 
========================================================================
Received Prepare
Registering precompiled user dll's ...
Registered in 0.006870 seconds.
Begin MonoManager ReloadAssembly
Symbol file LoadedFromMemory doesn't match image C:\Users\Papa and Mama\Documents\repos\PC2D\Unity-2D-Platformer\Library\PackageCache\com.unity.visualscripting@1.8.0\Editor\VisualScripting.Core\Dependencies\YamlDotNet\Unity.VisualScripting.YamlDotNet.dll
Symbol file LoadedFromMemory doesn't match image C:\Users\Papa and Mama\Documents\repos\PC2D\Unity-2D-Platformer\Library\PackageCache\com.unity.visualscripting@1.8.0\Editor\VisualScripting.Core\Dependencies\DotNetZip\Unity.VisualScripting.IonicZip.dll
Native extension for WindowsStandalone target not found
Native extension for Android target not found
Refreshing native plugins compatible for Editor in 0.62 ms, found 4 plugins.
Preloading 0 native plugins for Editor in 0.00 ms.
Mono: successfully reloaded assembly
- Completed reload, in  1.526 seconds
Domain Reload Profiling:
	ReloadAssembly (1527ms)
		BeginReloadAssembly (254ms)
			ExecutionOrderSort (0ms)
			DisableScriptedObjects (6ms)
			BackupInstance (0ms)
			ReleaseScriptingObjects (0ms)
			CreateAndSetChildDomain (45ms)
		EndReloadAssembly (1171ms)
			LoadAssemblies (202ms)
			RebuildTransferFunctionScriptingTraits (0ms)
			SetupTypeCache (592ms)
			ReleaseScriptCaches (1ms)
			RebuildScriptCaches (55ms)
			SetupLoadedEditorAssemblies (378ms)
				LogAssemblyErrors (0ms)
				InitializePlatformSupportModulesInManaged (18ms)
				SetLoadedEditorAssemblies (0ms)
				RefreshPlugins (1ms)
				BeforeProcessingInitializeOnLoad (74ms)
				ProcessInitializeOnLoadAttributes (228ms)
				ProcessInitializeOnLoadMethodAttributes (45ms)
				AfterProcessingInitializeOnLoad (11ms)
				EditorAssembliesLoaded (1ms)
			ExecutionOrderSort2 (0ms)
			AwakeInstancesAfterBackupRestoration (10ms)
Platform modules already initialized, skipping
Refreshing native plugins compatible for Editor in 2.71 ms, found 4 plugins.
Preloading 0 native plugins for Editor in 0.00 ms.
Unloading 3770 Unused Serialized files (Serialized files now loaded: 0)
Unloading 22 unused Assets / (24.7 KB). Loaded Objects now: 4325.
Memory consumption went from 149.1 MB to 149.1 MB.
Total: 3.952100 ms (FindLiveObjects: 0.288400 ms CreateObjectMapping: 0.234800 ms MarkObjects: 3.403100 ms  DeleteObjects: 0.024600 ms)

AssetImportParameters requested are different than current active one (requested -> active):
  custom:video-decoder-ogg-theora: a1e56fd34408186e4bbccfd4996cb3dc -> 
  custom:container-muxer-webm: aa71ff27fc2769a1b78a27578f13a17b -> 
  custom:container-demuxer-webm: 4f35f7cbe854078d1ac9338744f61a02 -> 
  custom:video-encoder-webm-vp8: eb34c28f22e8b96e1ab97ce403110664 -> 
  custom:audio-encoder-webm-vorbis: bf7c407c2cedff20999df2af8eb42d56 -> 
  custom:framework-win-MediaFoundation: 216162199b28c13a410421893ffa2e32 -> 
  custom:container-demuxer-ogg: 62fdf1f143b41e24485cea50d1cbac27 -> 
  custom:video-decoder-webm-vp8: 9c59270c3fd7afecdb556c50c9e8de78 -> 
  custom:audio-decoder-ogg-vorbis: bf7c407c2cedff20999df2af8eb42d56 -> 
========================================================================
Received Prepare
Registering precompiled user dll's ...
Registered in 0.009037 seconds.
Begin MonoManager ReloadAssembly
Symbol file LoadedFromMemory doesn't match image C:\Users\Papa and Mama\Documents\repos\PC2D\Unity-2D-Platformer\Library\PackageCache\com.unity.visualscripting@1.8.0\Editor\VisualScripting.Core\Dependencies\YamlDotNet\Unity.VisualScripting.YamlDotNet.dll
Symbol file LoadedFromMemory doesn't match image C:\Users\Papa and Mama\Documents\repos\PC2D\Unity-2D-Platformer\Library\PackageCache\com.unity.visualscripting@1.8.0\Editor\VisualScripting.Core\Dependencies\DotNetZip\Unity.VisualScripting.IonicZip.dll
Native extension for WindowsStandalone target not found
Native extension for Android target not found
Refreshing native plugins compatible for Editor in 0.65 ms, found 4 plugins.
Preloading 0 native plugins for Editor in 0.00 ms.
Mono: successfully reloaded assembly
- Completed reload, in  1.127 seconds
Domain Reload Profiling:
	ReloadAssembly (1128ms)
		BeginReloadAssembly (205ms)
			ExecutionOrderSort (0ms)
			DisableScriptedObjects (10ms)
			BackupInstance (0ms)
			ReleaseScriptingObjects (0ms)
			CreateAndSetChildDomain (77ms)
		EndReloadAssembly (809ms)
			LoadAssemblies (127ms)
			RebuildTransferFunctionScriptingTraits (0ms)
			SetupTypeCache (250ms)
			ReleaseScriptCaches (2ms)
			RebuildScriptCaches (51ms)
			SetupLoadedEditorAssemblies (352ms)
				LogAssemblyErrors (0ms)
				InitializePlatformSupportModulesInManaged (18ms)
				SetLoadedEditorAssemblies (0ms)
				RefreshPlugins (1ms)
				BeforeProcessingInitializeOnLoad (96ms)
				ProcessInitializeOnLoadAttributes (193ms)
				ProcessInitializeOnLoadMethodAttributes (35ms)
				AfterProcessingInitializeOnLoad (8ms)
				EditorAssembliesLoaded (0ms)
			ExecutionOrderSort2 (0ms)
			AwakeInstancesAfterBackupRestoration (9ms)
Platform modules already initialized, skipping
Refreshing native plugins compatible for Editor in 2.69 ms, found 4 plugins.
Preloading 0 native plugins for Editor in 0.00 ms.
Unloading 3770 Unused Serialized files (Serialized files now loaded: 0)
Unloading 22 unused Assets / (24.7 KB). Loaded Objects now: 4328.
Memory consumption went from 149.1 MB to 149.1 MB.
Total: 3.243700 ms (FindLiveObjects: 0.269400 ms CreateObjectMapping: 0.237300 ms MarkObjects: 2.712100 ms  DeleteObjects: 0.023800 ms)

AssetImportParameters requested are different than current active one (requested -> active):
  custom:video-decoder-ogg-theora: a1e56fd34408186e4bbccfd4996cb3dc -> 
  custom:container-muxer-webm: aa71ff27fc2769a1b78a27578f13a17b -> 
  custom:container-demuxer-webm: 4f35f7cbe854078d1ac9338744f61a02 -> 
  custom:video-encoder-webm-vp8: eb34c28f22e8b96e1ab97ce403110664 -> 
  custom:audio-encoder-webm-vorbis: bf7c407c2cedff20999df2af8eb42d56 -> 
  custom:framework-win-MediaFoundation: 216162199b28c13a410421893ffa2e32 -> 
  custom:container-demuxer-ogg: 62fdf1f143b41e24485cea50d1cbac27 -> 
  custom:video-decoder-webm-vp8: 9c59270c3fd7afecdb556c50c9e8de78 -> 
  custom:audio-decoder-ogg-vorbis: bf7c407c2cedff20999df2af8eb42d56 -> 
========================================================================
Received Prepare
Registering precompiled user dll's ...
Registered in 0.007398 seconds.
Begin MonoManager ReloadAssembly
Symbol file LoadedFromMemory doesn't match image C:\Users\Papa and Mama\Documents\repos\PC2D\Unity-2D-Platformer\Library\PackageCache\com.unity.visualscripting@1.8.0\Editor\VisualScripting.Core\Dependencies\YamlDotNet\Unity.VisualScripting.YamlDotNet.dll
Symbol file LoadedFromMemory doesn't match image C:\Users\Papa and Mama\Documents\repos\PC2D\Unity-2D-Platformer\Library\PackageCache\com.unity.visualscripting@1.8.0\Editor\VisualScripting.Core\Dependencies\DotNetZip\Unity.VisualScripting.IonicZip.dll
Native extension for WindowsStandalone target not found
Native extension for Android target not found
Refreshing native plugins compatible for Editor in 0.77 ms, found 4 plugins.
Preloading 0 native plugins for Editor in 0.00 ms.
Mono: successfully reloaded assembly
- Completed reload, in  1.481 seconds
Domain Reload Profiling:
	ReloadAssembly (1482ms)
		BeginReloadAssembly (150ms)
			ExecutionOrderSort (0ms)
			DisableScriptedObjects (8ms)
			BackupInstance (0ms)
			ReleaseScriptingObjects (0ms)
			CreateAndSetChildDomain (34ms)
		EndReloadAssembly (1182ms)
			LoadAssemblies (131ms)
			RebuildTransferFunctionScriptingTraits (0ms)
			SetupTypeCache (387ms)
			ReleaseScriptCaches (2ms)
			RebuildScriptCaches (68ms)
			SetupLoadedEditorAssemblies (503ms)
				LogAssemblyErrors (0ms)
				InitializePlatformSupportModulesInManaged (29ms)
				SetLoadedEditorAssemblies (1ms)
				RefreshPlugins (1ms)
				BeforeProcessingInitializeOnLoad (102ms)
				ProcessInitializeOnLoadAttributes (303ms)
				ProcessInitializeOnLoadMethodAttributes (52ms)
				AfterProcessingInitializeOnLoad (14ms)
				EditorAssembliesLoaded (0ms)
			ExecutionOrderSort2 (0ms)
			AwakeInstancesAfterBackupRestoration (15ms)
Platform modules already initialized, skipping
Refreshing native plugins compatible for Editor in 2.99 ms, found 4 plugins.
Preloading 0 native plugins for Editor in 0.00 ms.
Unloading 3770 Unused Serialized files (Serialized files now loaded: 0)
Unloading 22 unused Assets / (24.7 KB). Loaded Objects now: 4331.
Memory consumption went from 149.1 MB to 149.1 MB.
Total: 4.512900 ms (FindLiveObjects: 0.281800 ms CreateObjectMapping: 0.212100 ms MarkObjects: 3.992700 ms  DeleteObjects: 0.025100 ms)

AssetImportParameters requested are different than current active one (requested -> active):
  custom:video-decoder-ogg-theora: a1e56fd34408186e4bbccfd4996cb3dc -> 
  custom:container-muxer-webm: aa71ff27fc2769a1b78a27578f13a17b -> 
  custom:container-demuxer-webm: 4f35f7cbe854078d1ac9338744f61a02 -> 
  custom:video-encoder-webm-vp8: eb34c28f22e8b96e1ab97ce403110664 -> 
  custom:audio-encoder-webm-vorbis: bf7c407c2cedff20999df2af8eb42d56 -> 
  custom:framework-win-MediaFoundation: 216162199b28c13a410421893ffa2e32 -> 
  custom:container-demuxer-ogg: 62fdf1f143b41e24485cea50d1cbac27 -> 
  custom:video-decoder-webm-vp8: 9c59270c3fd7afecdb556c50c9e8de78 -> 
  custom:audio-decoder-ogg-vorbis: bf7c407c2cedff20999df2af8eb42d56 -> 
========================================================================
Received Prepare
Registering precompiled user dll's ...
Registered in 0.007317 seconds.
Begin MonoManager ReloadAssembly
Symbol file LoadedFromMemory doesn't match image C:\Users\Papa and Mama\Documents\repos\PC2D\Unity-2D-Platformer\Library\PackageCache\com.unity.visualscripting@1.8.0\Editor\VisualScripting.Core\Dependencies\YamlDotNet\Unity.VisualScripting.YamlDotNet.dll
Symbol file LoadedFromMemory doesn't match image C:\Users\Papa and Mama\Documents\repos\PC2D\Unity-2D-Platformer\Library\PackageCache\com.unity.visualscripting@1.8.0\Editor\VisualScripting.Core\Dependencies\DotNetZip\Unity.VisualScripting.IonicZip.dll
Native extension for WindowsStandalone target not found
Native extension for Android target not found
Refreshing native plugins compatible for Editor in 1.58 ms, found 4 plugins.
Preloading 0 native plugins for Editor in 0.00 ms.
Mono: successfully reloaded assembly
- Completed reload, in  1.522 seconds
Domain Reload Profiling:
	ReloadAssembly (1522ms)
		BeginReloadAssembly (233ms)
			ExecutionOrderSort (0ms)
			DisableScriptedObjects (12ms)
			BackupInstance (0ms)
			ReleaseScriptingObjects (0ms)
			CreateAndSetChildDomain (60ms)
		EndReloadAssembly (1132ms)
			LoadAssemblies (187ms)
			RebuildTransferFunctionScriptingTraits (0ms)
			SetupTypeCache (340ms)
			ReleaseScriptCaches (2ms)
			RebuildScriptCaches (48ms)
			SetupLoadedEditorAssemblies (518ms)
				LogAssemblyErrors (0ms)
				InitializePlatformSupportModulesInManaged (47ms)
				SetLoadedEditorAssemblies (1ms)
				RefreshPlugins (2ms)
				BeforeProcessingInitializeOnLoad (143ms)
				ProcessInitializeOnLoadAttributes (279ms)
				ProcessInitializeOnLoadMethodAttributes (36ms)
				AfterProcessingInitializeOnLoad (10ms)
				EditorAssembliesLoaded (0ms)
			ExecutionOrderSort2 (0ms)
			AwakeInstancesAfterBackupRestoration (10ms)
Platform modules already initialized, skipping
Refreshing native plugins compatible for Editor in 2.25 ms, found 4 plugins.
Preloading 0 native plugins for Editor in 0.00 ms.
Unloading 3770 Unused Serialized files (Serialized files now loaded: 0)
Unloading 22 unused Assets / (24.6 KB). Loaded Objects now: 4334.
Memory consumption went from 149.1 MB to 149.1 MB.
Total: 2.916000 ms (FindLiveObjects: 0.266000 ms CreateObjectMapping: 0.168700 ms MarkObjects: 2.441300 ms  DeleteObjects: 0.039300 ms)

AssetImportParameters requested are different than current active one (requested -> active):
  custom:video-decoder-ogg-theora: a1e56fd34408186e4bbccfd4996cb3dc -> 
  custom:container-muxer-webm: aa71ff27fc2769a1b78a27578f13a17b -> 
  custom:container-demuxer-webm: 4f35f7cbe854078d1ac9338744f61a02 -> 
  custom:video-encoder-webm-vp8: eb34c28f22e8b96e1ab97ce403110664 -> 
  custom:audio-encoder-webm-vorbis: bf7c407c2cedff20999df2af8eb42d56 -> 
  custom:framework-win-MediaFoundation: 216162199b28c13a410421893ffa2e32 -> 
  custom:container-demuxer-ogg: 62fdf1f143b41e24485cea50d1cbac27 -> 
  custom:video-decoder-webm-vp8: 9c59270c3fd7afecdb556c50c9e8de78 -> 
  custom:audio-decoder-ogg-vorbis: bf7c407c2cedff20999df2af8eb42d56 -> 
========================================================================
Received Prepare
Registering precompiled user dll's ...
Registered in 0.006705 seconds.
Begin MonoManager ReloadAssembly
Symbol file LoadedFromMemory doesn't match image C:\Users\Papa and Mama\Documents\repos\PC2D\Unity-2D-Platformer\Library\PackageCache\com.unity.visualscripting@1.8.0\Editor\VisualScripting.Core\Dependencies\YamlDotNet\Unity.VisualScripting.YamlDotNet.dll
Symbol file LoadedFromMemory doesn't match image C:\Users\Papa and Mama\Documents\repos\PC2D\Unity-2D-Platformer\Library\PackageCache\com.unity.visualscripting@1.8.0\Editor\VisualScripting.Core\Dependencies\DotNetZip\Unity.VisualScripting.IonicZip.dll
Native extension for WindowsStandalone target not found
Native extension for Android target not found
Refreshing native plugins compatible for Editor in 0.92 ms, found 4 plugins.
Preloading 0 native plugins for Editor in 0.00 ms.
Mono: successfully reloaded assembly
- Completed reload, in  1.495 seconds
Domain Reload Profiling:
	ReloadAssembly (1496ms)
		BeginReloadAssembly (273ms)
			ExecutionOrderSort (0ms)
			DisableScriptedObjects (27ms)
			BackupInstance (0ms)
			ReleaseScriptingObjects (0ms)
			CreateAndSetChildDomain (49ms)
		EndReloadAssembly (1078ms)
			LoadAssemblies (194ms)
			RebuildTransferFunctionScriptingTraits (0ms)
			SetupTypeCache (332ms)
			ReleaseScriptCaches (2ms)
			RebuildScriptCaches (72ms)
			SetupLoadedEditorAssemblies (473ms)
				LogAssemblyErrors (0ms)
				InitializePlatformSupportModulesInManaged (27ms)
				SetLoadedEditorAssemblies (0ms)
				RefreshPlugins (1ms)
				BeforeProcessingInitializeOnLoad (108ms)
				ProcessInitializeOnLoadAttributes (276ms)
				ProcessInitializeOnLoadMethodAttributes (49ms)
				AfterProcessingInitializeOnLoad (12ms)
				EditorAssembliesLoaded (0ms)
			ExecutionOrderSort2 (0ms)
			AwakeInstancesAfterBackupRestoration (13ms)
Platform modules already initialized, skipping
Refreshing native plugins compatible for Editor in 3.85 ms, found 4 plugins.
Preloading 0 native plugins for Editor in 0.00 ms.
Unloading 3770 Unused Serialized files (Serialized files now loaded: 0)
Unloading 22 unused Assets / (24.8 KB). Loaded Objects now: 4337.
Memory consumption went from 149.1 MB to 149.1 MB.
Total: 4.573800 ms (FindLiveObjects: 0.453000 ms CreateObjectMapping: 0.183300 ms MarkObjects: 3.910400 ms  DeleteObjects: 0.025900 ms)

AssetImportParameters requested are different than current active one (requested -> active):
  custom:video-decoder-ogg-theora: a1e56fd34408186e4bbccfd4996cb3dc -> 
  custom:container-muxer-webm: aa71ff27fc2769a1b78a27578f13a17b -> 
  custom:container-demuxer-webm: 4f35f7cbe854078d1ac9338744f61a02 -> 
  custom:video-encoder-webm-vp8: eb34c28f22e8b96e1ab97ce403110664 -> 
  custom:audio-encoder-webm-vorbis: bf7c407c2cedff20999df2af8eb42d56 -> 
  custom:framework-win-MediaFoundation: 216162199b28c13a410421893ffa2e32 -> 
  custom:container-demuxer-ogg: 62fdf1f143b41e24485cea50d1cbac27 -> 
  custom:video-decoder-webm-vp8: 9c59270c3fd7afecdb556c50c9e8de78 -> 
  custom:audio-decoder-ogg-vorbis: bf7c407c2cedff20999df2af8eb42d56 -> 
========================================================================
Received Prepare
Registering precompiled user dll's ...
Registered in 0.006848 seconds.
Begin MonoManager ReloadAssembly
Symbol file LoadedFromMemory doesn't match image C:\Users\Papa and Mama\Documents\repos\PC2D\Unity-2D-Platformer\Library\PackageCache\com.unity.visualscripting@1.8.0\Editor\VisualScripting.Core\Dependencies\YamlDotNet\Unity.VisualScripting.YamlDotNet.dll
Symbol file LoadedFromMemory doesn't match image C:\Users\Papa and Mama\Documents\repos\PC2D\Unity-2D-Platformer\Library\PackageCache\com.unity.visualscripting@1.8.0\Editor\VisualScripting.Core\Dependencies\DotNetZip\Unity.VisualScripting.IonicZip.dll
Native extension for WindowsStandalone target not found
Native extension for Android target not found
Refreshing native plugins compatible for Editor in 2.29 ms, found 4 plugins.
Preloading 0 native plugins for Editor in 0.00 ms.
Mono: successfully reloaded assembly
- Completed reload, in  1.542 seconds
Domain Reload Profiling:
	ReloadAssembly (1543ms)
		BeginReloadAssembly (149ms)
			ExecutionOrderSort (0ms)
			DisableScriptedObjects (8ms)
			BackupInstance (0ms)
			ReleaseScriptingObjects (0ms)
			CreateAndSetChildDomain (35ms)
		EndReloadAssembly (1226ms)
			LoadAssemblies (128ms)
			RebuildTransferFunctionScriptingTraits (0ms)
			SetupTypeCache (397ms)
			ReleaseScriptCaches (2ms)
			RebuildScriptCaches (75ms)
			SetupLoadedEditorAssemblies (530ms)
				LogAssemblyErrors (0ms)
				InitializePlatformSupportModulesInManaged (32ms)
				SetLoadedEditorAssemblies (1ms)
				RefreshPlugins (2ms)
				BeforeProcessingInitializeOnLoad (105ms)
				ProcessInitializeOnLoadAttributes (326ms)
				ProcessInitializeOnLoadMethodAttributes (50ms)
				AfterProcessingInitializeOnLoad (13ms)
				EditorAssembliesLoaded (0ms)
			ExecutionOrderSort2 (0ms)
			AwakeInstancesAfterBackupRestoration (15ms)
Platform modules already initialized, skipping
Refreshing native plugins compatible for Editor in 3.67 ms, found 4 plugins.
Preloading 0 native plugins for Editor in 0.00 ms.
Unloading 3770 Unused Serialized files (Serialized files now loaded: 0)
Unloading 22 unused Assets / (24.7 KB). Loaded Objects now: 4340.
Memory consumption went from 149.1 MB to 149.1 MB.
Total: 4.003800 ms (FindLiveObjects: 0.495700 ms CreateObjectMapping: 0.715100 ms MarkObjects: 2.767400 ms  DeleteObjects: 0.024800 ms)

AssetImportParameters requested are different than current active one (requested -> active):
  custom:video-decoder-ogg-theora: a1e56fd34408186e4bbccfd4996cb3dc -> 
  custom:container-muxer-webm: aa71ff27fc2769a1b78a27578f13a17b -> 
  custom:container-demuxer-webm: 4f35f7cbe854078d1ac9338744f61a02 -> 
  custom:video-encoder-webm-vp8: eb34c28f22e8b96e1ab97ce403110664 -> 
  custom:audio-encoder-webm-vorbis: bf7c407c2cedff20999df2af8eb42d56 -> 
  custom:framework-win-MediaFoundation: 216162199b28c13a410421893ffa2e32 -> 
  custom:container-demuxer-ogg: 62fdf1f143b41e24485cea50d1cbac27 -> 
  custom:video-decoder-webm-vp8: 9c59270c3fd7afecdb556c50c9e8de78 -> 
  custom:audio-decoder-ogg-vorbis: bf7c407c2cedff20999df2af8eb42d56 -> 
========================================================================
Received Prepare
Registering precompiled user dll's ...
Registered in 0.007091 seconds.
Begin MonoManager ReloadAssembly
Symbol file LoadedFromMemory doesn't match image C:\Users\Papa and Mama\Documents\repos\PC2D\Unity-2D-Platformer\Library\PackageCache\com.unity.visualscripting@1.8.0\Editor\VisualScripting.Core\Dependencies\YamlDotNet\Unity.VisualScripting.YamlDotNet.dll
Symbol file LoadedFromMemory doesn't match image C:\Users\Papa and Mama\Documents\repos\PC2D\Unity-2D-Platformer\Library\PackageCache\com.unity.visualscripting@1.8.0\Editor\VisualScripting.Core\Dependencies\DotNetZip\Unity.VisualScripting.IonicZip.dll
Native extension for WindowsStandalone target not found
Native extension for Android target not found
Refreshing native plugins compatible for Editor in 0.73 ms, found 4 plugins.
Preloading 0 native plugins for Editor in 0.00 ms.
Mono: successfully reloaded assembly
- Completed reload, in  1.442 seconds
Domain Reload Profiling:
	ReloadAssembly (1443ms)
		BeginReloadAssembly (150ms)
			ExecutionOrderSort (0ms)
			DisableScriptedObjects (7ms)
			BackupInstance (0ms)
			ReleaseScriptingObjects (0ms)
			CreateAndSetChildDomain (34ms)
		EndReloadAssembly (1145ms)
			LoadAssemblies (128ms)
			RebuildTransferFunctionScriptingTraits (0ms)
			SetupTypeCache (370ms)
			ReleaseScriptCaches (2ms)
			RebuildScriptCaches (68ms)
			SetupLoadedEditorAssemblies (473ms)
				LogAssemblyErrors (0ms)
				InitializePlatformSupportModulesInManaged (30ms)
				SetLoadedEditorAssemblies (1ms)
				RefreshPlugins (1ms)
				BeforeProcessingInitializeOnLoad (101ms)
				ProcessInitializeOnLoadAttributes (279ms)
				ProcessInitializeOnLoadMethodAttributes (51ms)
				AfterProcessingInitializeOnLoad (11ms)
				EditorAssembliesLoaded (0ms)
			ExecutionOrderSort2 (0ms)
			AwakeInstancesAfterBackupRestoration (14ms)
Platform modules already initialized, skipping
Refreshing native plugins compatible for Editor in 3.08 ms, found 4 plugins.
Preloading 0 native plugins for Editor in 0.00 ms.
Unloading 3770 Unused Serialized files (Serialized files now loaded: 0)
Unloading 22 unused Assets / (24.7 KB). Loaded Objects now: 4343.
Memory consumption went from 149.1 MB to 149.1 MB.
Total: 3.775400 ms (FindLiveObjects: 0.462300 ms CreateObjectMapping: 0.235000 ms MarkObjects: 3.038300 ms  DeleteObjects: 0.038900 ms)

AssetImportParameters requested are different than current active one (requested -> active):
  custom:video-decoder-ogg-theora: a1e56fd34408186e4bbccfd4996cb3dc -> 
  custom:container-muxer-webm: aa71ff27fc2769a1b78a27578f13a17b -> 
  custom:container-demuxer-webm: 4f35f7cbe854078d1ac9338744f61a02 -> 
  custom:video-encoder-webm-vp8: eb34c28f22e8b96e1ab97ce403110664 -> 
  custom:audio-encoder-webm-vorbis: bf7c407c2cedff20999df2af8eb42d56 -> 
  custom:framework-win-MediaFoundation: 216162199b28c13a410421893ffa2e32 -> 
  custom:container-demuxer-ogg: 62fdf1f143b41e24485cea50d1cbac27 -> 
  custom:video-decoder-webm-vp8: 9c59270c3fd7afecdb556c50c9e8de78 -> 
  custom:audio-decoder-ogg-vorbis: bf7c407c2cedff20999df2af8eb42d56 -> 
